c:\users\ensimag\desktop\everglades\peps\wrapping\x64\debug\vc120.pdb
c:\users\ensimag\desktop\everglades\peps\wrapping\x64\debug\wrapping.obj
c:\users\ensimag\desktop\everglades\peps\wrapping\x64\debug\managed_gsl.obj
c:\users\ensimag\desktop\everglades\peps\wrapping\x64\debug\assemblyinfo.obj
c:\users\ensimag\desktop\everglades\peps\wrapping\x64\debug\.netframework,version=v4.5.assemblyattributes.obj
c:\users\ensimag\desktop\everglades\peps\x64\debug\wrapping.dll
c:\users\ensimag\desktop\everglades\peps\x64\debug\wrapping.pdb
c:\users\ensimag\desktop\everglades\peps\wrapping\x64\debug\app.res
c:\users\ensimag\desktop\everglades\peps\wrapping\x64\debug\wrapping.vcxprojresolveassemblyreference.cache
c:\users\ensimag\desktop\everglades\peps\wrapping\x64\debug\wrapping.tlog\cl.command.1.tlog
c:\users\ensimag\desktop\everglades\peps\wrapping\x64\debug\wrapping.tlog\cl.read.1.tlog
c:\users\ensimag\desktop\everglades\peps\wrapping\x64\debug\wrapping.tlog\cl.write.1.tlog
c:\users\ensimag\desktop\everglades\peps\wrapping\x64\debug\wrapping.tlog\link.command.1.tlog
c:\users\ensimag\desktop\everglades\peps\wrapping\x64\debug\wrapping.tlog\link.read.1.tlog
c:\users\ensimag\desktop\everglades\peps\wrapping\x64\debug\wrapping.tlog\link.write.1.tlog
c:\users\ensimag\desktop\everglades\peps\wrapping\x64\debug\wrapping.tlog\metagen.read.1.tlog
c:\users\ensimag\desktop\everglades\peps\wrapping\x64\debug\wrapping.tlog\metagen.write.1.tlog
c:\users\ensimag\desktop\everglades\peps\wrapping\x64\debug\wrapping.tlog\rc.command.1.tlog
c:\users\ensimag\desktop\everglades\peps\wrapping\x64\debug\wrapping.tlog\rc.read.1.tlog
c:\users\ensimag\desktop\everglades\peps\wrapping\x64\debug\wrapping.tlog\rc.write.1.tlog
c:\users\ensimag\desktop\everglades\peps\wrapping\x64\debug\wrapping.tlog\rsaenh.dll.bi
c:\users\ensimag\desktop\everglades\peps\wrapping\x64\debug\wrapping.tlog\tzres.dll.bi
